<?xml version="1.0" encoding="UTF-8"?>
<!-- Generated by org.testng.reporters.JUnitReportReporter -->
<testsuite hostname="dcasillas-mac" failures="0" tests="2" name="testSuites.HomePageTest" time="7.414" errors="0" timestamp="20 Dec 2023 20:43:31 GMT" skipped="0">
  <testcase classname="testSuites.HomePageTest" name="itemsListDisplayed" time="2.981"/>
  <testcase classname="testSuites.HomePageTest" name="addingItemToCart" time="4.433"/>
</testsuite> <!-- testSuites.HomePageTest -->
